<?xml version="1.0" encoding="UTF-8"?>
<!-- Generated by org.testng.reporters.JUnitReportReporter -->
<testsuite hostname="DESKTOP-AHAP60H" failures="0" tests="1" name="Seleniumcode.login" time="4.772" errors="0" timestamp="2024-08-16T11:43:52 BST" skipped="0">
  <testcase classname="Seleniumcode.login" name="test" time="4.772"/>
  <system-out/>
</testsuite> <!-- Seleniumcode.login -->
