<?xml version="1.0" encoding="UTF-8"?>
<!-- Generated by org.testng.reporters.JUnitReportReporter -->
<testsuite hostname="DESKTOP-AHAP60H" failures="0" tests="1" name="Seleniumcode.InputTest" time="3.932" errors="0" timestamp="2024-08-16T16:02:03 BST" skipped="0">
  <testcase classname="Seleniumcode.InputTest" name="test" time="3.932"/>
  <system-out/>
</testsuite> <!-- Seleniumcode.InputTest -->
